<?xml version="1.0" encoding="UTF-8"?>
<!-- Generated by org.testng.reporters.JUnitReportReporter -->
<testsuite skipped="0" hostname="DESKTOP-5852UHJ" name="SimpleGetTest" tests="10" failures="0" timestamp="22 Mar 2018 23:45:55 GMT" time="5.310" errors="0">
  <testcase name="GetWeatherStatusLine" time="0.329" classname="SimpleGetTest"/>
  <testcase name="WeatherMessageBody" time="0.329" classname="SimpleGetTest"/>
  <testcase name="GetWeatherDetailsInvalidCity" time="0.421" classname="SimpleGetTest"/>
  <testcase name="IteratingOverHeaders" time="0.328" classname="SimpleGetTest"/>
  <testcase name="GetWeatherDetails" time="0.329" classname="SimpleGetTest"/>
  <testcase name="GetWeatherDetailsAssetStatus" time="0.329" classname="SimpleGetTest"/>
  <testcase name="GetWeatherHeaders" time="0.312" classname="SimpleGetTest"/>
  <testcase name="GetWeatherHeadersAssertsDetails" time="0.877" classname="SimpleGetTest"/>
  <testcase name="DisplayAllNodesInWeatherAPI" time="1.728" classname="SimpleGetTest"/>
  <testcase name="VerifyCityInJsonResponse" time="0.328" classname="SimpleGetTest"/>
</testsuite> <!-- SimpleGetTest -->
