<?xml version="1.0" encoding="UTF-8"?>
<!-- Generated by org.testng.reporters.JUnitReportReporter -->
<testsuite skipped="0" hostname="DESKTOP-5852UHJ" name="AuthenticationTest" tests="1" failures="0" timestamp="22 Mar 2018 23:46:07 GMT" time="1.197" errors="0">
  <testcase name="AuthenticationBasics" time="1.197" classname="AuthenticationTest"/>
</testsuite> <!-- AuthenticationTest -->
